0 info it worked if it ends with ok
1 verbose cli [ 'node', '/usr/local/bin/npm', 'install' ]
2 info using npm@3.8.0
3 info using node@v0.10.25
4 verbose node symlink /usr/bin/node
5 silly loadCurrentTree Starting
6 silly install loadCurrentTree
7 silly install readLocalPackageData
8 silly install normalizeTree
9 silly loadCurrentTree Finishing
10 silly loadIdealTree Starting
11 silly install loadIdealTree
12 silly cloneCurrentTree Starting
13 silly install cloneCurrentTreeToIdealTree
14 silly cloneCurrentTree Finishing
15 silly loadShrinkwrap Starting
16 silly install loadShrinkwrap
17 silly loadShrinkwrap Finishing
18 silly loadAllDepsIntoIdealTree Starting
19 silly install loadAllDepsIntoIdealTree
20 silly fetchOtherPackageData compass-mixins@github:igosuki/compass-mixins#v0.12.7
21 silly cache add args [ 'compass-mixins@github:igosuki/compass-mixins#v0.12.7', null ]
22 verbose cache add spec compass-mixins@github:igosuki/compass-mixins#v0.12.7
23 silly cache add parsed spec { raw: 'compass-mixins@github:igosuki/compass-mixins#v0.12.7',
23 silly cache add   scope: null,
23 silly cache add   name: 'compass-mixins',
23 silly cache add   rawSpec: 'github:igosuki/compass-mixins#v0.12.7',
23 silly cache add   spec: 'github:igosuki/compass-mixins#v0.12.7',
23 silly cache add   type: 'hosted',
23 silly cache add   hosted:
23 silly cache add    { type: 'github',
23 silly cache add      ssh: 'git@github.com:igosuki/compass-mixins.git#v0.12.7',
23 silly cache add      sshUrl: 'git+ssh://git@github.com/igosuki/compass-mixins.git#v0.12.7',
23 silly cache add      httpsUrl: 'git+https://github.com/igosuki/compass-mixins.git#v0.12.7',
23 silly cache add      gitUrl: 'git://github.com/igosuki/compass-mixins.git#v0.12.7',
23 silly cache add      shortcut: 'github:igosuki/compass-mixins#v0.12.7',
23 silly cache add      directUrl: 'https://raw.githubusercontent.com/igosuki/compass-mixins/v0.12.7/package.json' } }
24 verbose addRemoteGit caching github:igosuki/compass-mixins#v0.12.7
25 verbose addRemoteGit igosuki/compass-mixins#v0.12.7 is a repository hosted by github
26 silly tryGitProto attempting to clone git://github.com/igosuki/compass-mixins.git#v0.12.7
27 silly tryClone cloning igosuki/compass-mixins#v0.12.7 via git://github.com/igosuki/compass-mixins.git#v0.12.7
28 verbose tryClone git-github-com-igosuki-compass-mixins-git-v0-12-7-65dc2fc4 not in flight; caching
29 verbose correctMkdir /home/mn/.npm/_git-remotes correctMkdir not in flight; initializing
30 verbose makeDirectory /home/mn/.npm/_git-remotes creation not in flight; initializing
31 silly makeDirectory /home/mn/.npm/_git-remotes uid: 1000 gid: 1000
32 info git [ 'clone',
32 info git   '--template=/home/mn/.npm/_git-remotes/_templates',
32 info git   '--mirror',
32 info git   'git://github.com/igosuki/compass-mixins.git',
32 info git   '/home/mn/.npm/_git-remotes/git-github-com-igosuki-compass-mixins-git-v0-12-7-65dc2fc4' ]
33 verbose git clone --template=/home/mn/.npm/_git-remotes/_templates --mirror git://github.com/igosuki/compass-mixins.git /home/mn/.npm/_git-remotes/git-github-com-igosuki-compass-mixins-git-v0-12-7-65dc2fc4: Cloning into bare repository '/home/mn/.npm/_git-remotes/git-github-com-igosuki-compass-mixins-git-v0-12-7-65dc2fc4'...
33 verbose git clone --template=/home/mn/.npm/_git-remotes/_templates --mirror git://github.com/igosuki/compass-mixins.git /home/mn/.npm/_git-remotes/git-github-com-igosuki-compass-mixins-git-v0-12-7-65dc2fc4: fatal: unable to connect to github.com:
33 verbose git clone --template=/home/mn/.npm/_git-remotes/_templates --mirror git://github.com/igosuki/compass-mixins.git /home/mn/.npm/_git-remotes/git-github-com-igosuki-compass-mixins-git-v0-12-7-65dc2fc4: github.com: Midlertidig fejl i navneopslag
34 silly tryHTTPS attempting to clone git+https://github.com/igosuki/compass-mixins.git#v0.12.7
35 silly tryClone cloning igosuki/compass-mixins#v0.12.7 via git+https://github.com/igosuki/compass-mixins.git#v0.12.7
36 verbose tryClone git-https-github-com-igosuki-compass-mixins-git-v0-12-7-278e9464 not in flight; caching
37 verbose correctMkdir /home/mn/.npm/_git-remotes correctMkdir not in flight; initializing
38 info git [ 'clone',
38 info git   '--template=/home/mn/.npm/_git-remotes/_templates',
38 info git   '--mirror',
38 info git   'https://github.com/igosuki/compass-mixins.git',
38 info git   '/home/mn/.npm/_git-remotes/git-https-github-com-igosuki-compass-mixins-git-v0-12-7-278e9464' ]
39 verbose git clone --template=/home/mn/.npm/_git-remotes/_templates --mirror https://github.com/igosuki/compass-mixins.git /home/mn/.npm/_git-remotes/git-https-github-com-igosuki-compass-mixins-git-v0-12-7-278e9464: Cloning into bare repository '/home/mn/.npm/_git-remotes/git-https-github-com-igosuki-compass-mixins-git-v0-12-7-278e9464'...
39 verbose git clone --template=/home/mn/.npm/_git-remotes/_templates --mirror https://github.com/igosuki/compass-mixins.git /home/mn/.npm/_git-remotes/git-https-github-com-igosuki-compass-mixins-git-v0-12-7-278e9464: fatal: unable to access 'https://github.com/igosuki/compass-mixins.git/': Could not resolve host: github.com
40 silly trySSH attempting to clone git@github.com:igosuki/compass-mixins.git#v0.12.7
41 silly tryClone cloning igosuki/compass-mixins#v0.12.7 via git@github.com:igosuki/compass-mixins.git#v0.12.7
42 verbose tryClone git-github-com-igosuki-compass-mixins-git-v0-12-7-a6d32939 not in flight; caching
43 verbose correctMkdir /home/mn/.npm/_git-remotes correctMkdir not in flight; initializing
44 info git [ 'clone',
44 info git   '--template=/home/mn/.npm/_git-remotes/_templates',
44 info git   '--mirror',
44 info git   'git@github.com:igosuki/compass-mixins.git',
44 info git   '/home/mn/.npm/_git-remotes/git-github-com-igosuki-compass-mixins-git-v0-12-7-a6d32939' ]
45 error git clone --template=/home/mn/.npm/_git-remotes/_templates --mirror git@github.com:igosuki/compass-mixins.git /home/mn/.npm/_git-remotes/git-github-com-igosuki-compass-mixins-git-v0-12-7-a6d32939: Cloning into bare repository '/home/mn/.npm/_git-remotes/git-github-com-igosuki-compass-mixins-git-v0-12-7-a6d32939'...
45 error git clone --template=/home/mn/.npm/_git-remotes/_templates --mirror git@github.com:igosuki/compass-mixins.git /home/mn/.npm/_git-remotes/git-github-com-igosuki-compass-mixins-git-v0-12-7-a6d32939: ssh: Could not resolve hostname github.com: Temporary failure in name resolution
45 error git clone --template=/home/mn/.npm/_git-remotes/_templates --mirror git@github.com:igosuki/compass-mixins.git /home/mn/.npm/_git-remotes/git-github-com-igosuki-compass-mixins-git-v0-12-7-a6d32939: fatal: Could not read from remote repository.
45 error git clone --template=/home/mn/.npm/_git-remotes/_templates --mirror git@github.com:igosuki/compass-mixins.git /home/mn/.npm/_git-remotes/git-github-com-igosuki-compass-mixins-git-v0-12-7-a6d32939:
45 error git clone --template=/home/mn/.npm/_git-remotes/_templates --mirror git@github.com:igosuki/compass-mixins.git /home/mn/.npm/_git-remotes/git-github-com-igosuki-compass-mixins-git-v0-12-7-a6d32939: Please make sure you have the correct access rights
45 error git clone --template=/home/mn/.npm/_git-remotes/_templates --mirror git@github.com:igosuki/compass-mixins.git /home/mn/.npm/_git-remotes/git-github-com-igosuki-compass-mixins-git-v0-12-7-a6d32939: and the repository exists.
46 silly fetchPackageMetaData Error: Command failed: Cloning into bare repository '/home/mn/.npm/_git-remotes/git-github-com-igosuki-compass-mixins-git-v0-12-7-a6d32939'...
46 silly fetchPackageMetaData ssh: Could not resolve hostname github.com: Temporary failure in name resolution
46 silly fetchPackageMetaData fatal: Could not read from remote repository.
46 silly fetchPackageMetaData
46 silly fetchPackageMetaData Please make sure you have the correct access rights
46 silly fetchPackageMetaData and the repository exists.
46 silly fetchPackageMetaData
46 silly fetchPackageMetaData     at ChildProcess.exithandler (child_process.js:637:15)
46 silly fetchPackageMetaData     at ChildProcess.EventEmitter.emit (events.js:98:17)
46 silly fetchPackageMetaData     at maybeClose (child_process.js:743:16)
46 silly fetchPackageMetaData     at Process.ChildProcess._handle.onexit (child_process.js:810:5)
46 silly fetchPackageMetaData  error for compass-mixins@github:igosuki/compass-mixins#v0.12.7 { [Error: Command failed: Cloning into bare repository '/home/mn/.npm/_git-remotes/git-github-com-igosuki-compass-mixins-git-v0-12-7-a6d32939'...
46 silly fetchPackageMetaData ssh: Could not resolve hostname github.com: Temporary failure in name resolution
46 silly fetchPackageMetaData fatal: Could not read from remote repository.
46 silly fetchPackageMetaData
46 silly fetchPackageMetaData Please make sure you have the correct access rights
46 silly fetchPackageMetaData and the repository exists.
46 silly fetchPackageMetaData ] killed: false, code: 128, signal: null }
47 silly rollbackFailedOptional Starting
48 silly rollbackFailedOptional Finishing
49 silly runTopLevelLifecycles Starting
50 silly runTopLevelLifecycles Finishing
51 silly install printInstalled
52 verbose stack Error: Command failed: Cloning into bare repository '/home/mn/.npm/_git-remotes/git-github-com-igosuki-compass-mixins-git-v0-12-7-a6d32939'...
52 verbose stack ssh: Could not resolve hostname github.com: Temporary failure in name resolution
52 verbose stack fatal: Could not read from remote repository.
52 verbose stack
52 verbose stack Please make sure you have the correct access rights
52 verbose stack and the repository exists.
52 verbose stack
52 verbose stack     at ChildProcess.exithandler (child_process.js:637:15)
52 verbose stack     at ChildProcess.EventEmitter.emit (events.js:98:17)
52 verbose stack     at maybeClose (child_process.js:743:16)
52 verbose stack     at Process.ChildProcess._handle.onexit (child_process.js:810:5)
53 verbose cwd /var/www/os2loop.faxe.dk/public_html/profiles/loopdk/themes/loop_compact
54 error Linux 4.2.0-30-generic
55 error argv "node" "/usr/local/bin/npm" "install"
56 error node v0.10.25
57 error npm  v3.8.0
58 error code 128
59 error Command failed: Cloning into bare repository '/home/mn/.npm/_git-remotes/git-github-com-igosuki-compass-mixins-git-v0-12-7-a6d32939'...
59 error ssh: Could not resolve hostname github.com: Temporary failure in name resolution
59 error fatal: Could not read from remote repository.
59 error
59 error Please make sure you have the correct access rights
59 error and the repository exists.
60 error If you need help, you may report this error at:
60 error     <https://github.com/npm/npm/issues>
61 verbose exit [ 1, true ]
